Flow report for dj_roomba
Thu Dec 12 14:47:15 2019
Quartus Prime Version 18.1.0 Build 625 09/12/2018 SJ Standard Edition


---------------------
; Table of Contents ;
---------------------
  1. Legal Notice
  2. Flow Summary
  3. Flow Settings
  4. Flow Non-Default Global Settings
  5. Flow Elapsed Time
  6. Flow OS Summary
  7. Flow Log
  8. Flow Messages
  9. Flow Suppressed Messages



----------------
; Legal Notice ;
----------------
Copyright (C) 2018  Intel Corporation. All rights reserved.
Your use of Intel Corporation's design tools, logic functions 
and other software and tools, and its AMPP partner logic 
functions, and any output files from any of the foregoing 
(including device programming or simulation files), and any 
associated documentation or information are expressly subject 
to the terms and conditions of the Intel Program License 
Subscription Agreement, the Intel Quartus Prime License Agreement,
the Intel FPGA IP License Agreement, or other applicable license
agreement, including, without limitation, that your use is for
the sole purpose of programming logic devices manufactured by
Intel and sold by Intel or its authorized distributors.  Please
refer to the applicable agreement for further details.



+-----------------------------------------------------------------------------------+
; Flow Summary                                                                      ;
+---------------------------------+-------------------------------------------------+
; Flow Status                     ; Successful - Thu Dec 12 14:46:51 2019           ;
; Quartus Prime Version           ; 18.1.0 Build 625 09/12/2018 SJ Standard Edition ;
; Revision Name                   ; dj_roomba                                       ;
; Top-level Entity Name           ; top                                             ;
; Family                          ; Cyclone V                                       ;
; Device                          ; 5CSEMA5F31C6                                    ;
; Timing Models                   ; Final                                           ;
; Logic utilization (in ALMs)     ; 610 / 32,070 ( 2 % )                            ;
; Total registers                 ; 589                                             ;
; Total pins                      ; 22 / 457 ( 5 % )                                ;
; Total virtual pins              ; 0                                               ;
; Total block memory bits         ; 2,103,616 / 4,065,280 ( 52 % )                  ;
; Total DSP Blocks                ; 0 / 87 ( 0 % )                                  ;
; Total HSSI RX PCSs              ; 0                                               ;
; Total HSSI PMA RX Deserializers ; 0                                               ;
; Total HSSI TX PCSs              ; 0                                               ;
; Total HSSI PMA TX Serializers   ; 0                                               ;
; Total PLLs                      ; 1 / 6 ( 17 % )                                  ;
; Total DLLs                      ; 0 / 4 ( 0 % )                                   ;
+---------------------------------+-------------------------------------------------+


+-----------------------------------------+
; Flow Settings                           ;
+-------------------+---------------------+
; Option            ; Setting             ;
+-------------------+---------------------+
; Start date & time ; 12/12/2019 14:43:23 ;
; Main task         ; Compilation         ;
; Revision Name     ; dj_roomba           ;
+-------------------+---------------------+


+----------------------------------------------------------------------------------------------------------------------------+
; Flow Non-Default Global Settings                                                                                           ;
+--------------------------+------------------------------------------------------+---------------+-------------+------------+
; Assignment Name          ; Value                                                ; Default Value ; Entity Name ; Section Id ;
+--------------------------+------------------------------------------------------+---------------+-------------+------------+
; COMPILER_SIGNATURE_ID    ; 154946508794421.157617980212416                      ; --            ; --          ; --         ;
; MISC_FILE                ; ../../src/rom_data/rom_data.cmp                      ; --            ; --          ; --         ;
; MISC_FILE                ; ../../src/rom_instructions/rom_instructions_inst.vhd ; --            ; --          ; --         ;
; MISC_FILE                ; ../../src/rom_instructions/rom_instructions.cmp      ; --            ; --          ; --         ;
; PROJECT_OUTPUT_DIRECTORY ; ../output_files                                      ; --            ; --          ; --         ;
; TOP_LEVEL_ENTITY         ; top                                                  ; dj_roomba     ; --          ; --         ;
+--------------------------+------------------------------------------------------+---------------+-------------+------------+


+--------------------------------------------------------------------------------------------------------------------------+
; Flow Elapsed Time                                                                                                        ;
+----------------------+--------------+-------------------------+---------------------+------------------------------------+
; Module Name          ; Elapsed Time ; Average Processors Used ; Peak Virtual Memory ; Total CPU Time (on all processors) ;
+----------------------+--------------+-------------------------+---------------------+------------------------------------+
; Analysis & Synthesis ; 00:01:40     ; 1.0                     ; 4986 MB             ; 00:01:02                           ;
; Fitter               ; 00:01:11     ; 1.2                     ; 7115 MB             ; 00:03:28                           ;
; Assembler            ; 00:00:12     ; 1.0                     ; 4916 MB             ; 00:00:09                           ;
; Timing Analyzer      ; 00:00:22     ; 1.7                     ; 5327 MB             ; 00:00:24                           ;
; Total                ; 00:03:25     ; --                      ; --                  ; 00:05:03                           ;
+----------------------+--------------+-------------------------+---------------------+------------------------------------+


+------------------------------------------------------------------------------------+
; Flow OS Summary                                                                    ;
+----------------------+------------------+------------+------------+----------------+
; Module Name          ; Machine Hostname ; OS Name    ; OS Version ; Processor type ;
+----------------------+------------------+------------+------------+----------------+
; Analysis & Synthesis ; ECTET-1360-04    ; Windows 10 ; 10.0       ; x86_64         ;
; Fitter               ; ECTET-1360-04    ; Windows 10 ; 10.0       ; x86_64         ;
; Assembler            ; ECTET-1360-04    ; Windows 10 ; 10.0       ; x86_64         ;
; Timing Analyzer      ; ECTET-1360-04    ; Windows 10 ; 10.0       ; x86_64         ;
+----------------------+------------------+------------+------------+----------------+


------------
; Flow Log ;
------------
quartus_map --read_settings_files=on --write_settings_files=off dj_roomba -c dj_roomba
quartus_fit --read_settings_files=off --write_settings_files=off dj_roomba -c dj_roomba
quartus_asm --read_settings_files=off --write_settings_files=off dj_roomba -c dj_roomba
quartus_sta dj_roomba -c dj_roomba



